<?xml version="1.0" encoding="UTF-8"?>
<!-- Generated by org.testng.reporters.JUnitReportReporter -->
<testsuite hostname="LAPTOP-0VNVDE1H" failures="0" tests="5" name="api.test.PetTests" time="8.796" errors="0" timestamp="2024-02-04T21:19:36 IST" skipped="0">
  <testcase classname="api.test.PetTests" name="testCreatePet" time="1.402"/>
  <testcase classname="api.test.PetTests" name="testReadUser" time="1.323"/>
  <testcase classname="api.test.PetTests" name="testupdateUser" time="1.404"/>
  <testcase classname="api.test.PetTests" name="testdeleteUser" time="1.320"/>
  <testcase classname="api.test.PetTests" name="testUploadImageForPet" time="3.347"/>
</testsuite> <!-- api.test.PetTests -->
