<?xml version="1.0" encoding="UTF-8"?>
<!-- Generated by org.testng.reporters.JUnitReportReporter -->
<testsuite hostname="LAPTOP-0VNVDE1H" failures="0" tests="5" name="api.test.PetTests" time="9.658" errors="0" timestamp="2024-01-28T22:11:20 IST" skipped="0">
  <testcase classname="api.test.PetTests" name="testCreatePet" time="2.434"/>
  <testcase classname="api.test.PetTests" name="testReadUser" time="1.359"/>
  <testcase classname="api.test.PetTests" name="testupdateUser" time="1.301"/>
  <testcase classname="api.test.PetTests" name="testdeleteUser" time="1.323"/>
  <testcase classname="api.test.PetTests" name="testUploadImageForPet" time="3.241"/>
</testsuite> <!-- api.test.PetTests -->
