<?xml version="1.0" encoding="UTF-8"?>
<!-- Generated by org.testng.reporters.JUnitReportReporter -->
<testsuite hostname="LAPTOP-0VNVDE1H" failures="0" tests="4" name="api.test.UserTests" time="7.754" errors="0" timestamp="2024-01-25T19:50:43 IST" skipped="0">
  <testcase classname="api.test.UserTests" name="testPostUser" time="2.460"/>
  <testcase classname="api.test.UserTests" name="testGetUserByName" time="1.322"/>
  <testcase classname="api.test.UserTests" name="testUpdateUser" time="2.661"/>
  <testcase classname="api.test.UserTests" name="testDeleteUser" time="1.311"/>
</testsuite> <!-- api.test.UserTests -->
