<?xml version="1.0" encoding="UTF-8"?>
<!-- Generated by org.testng.reporters.JUnitReportReporter -->
<testsuite hostname="LAPTOP-0VNVDE1H" failures="0" tests="1" name="api.test.UserTests" time="2.922" errors="0" timestamp="2024-01-29T00:55:54 IST" skipped="0">
  <testcase classname="api.test.UserTests" name="testCreateUserLIst" time="2.922"/>
</testsuite> <!-- api.test.UserTests -->
