<?xml version="1.0" encoding="UTF-8"?>
<!-- Generated by org.testng.reporters.JUnitReportReporter -->
<testsuite hostname="LAPTOP-0VNVDE1H" failures="0" tests="4" name="api.test.StoreTest" time="5.355" errors="0" timestamp="2024-02-04T21:19:36 IST" skipped="0">
  <testcase classname="api.test.StoreTest" name="createstore" time="1.309"/>
  <testcase classname="api.test.StoreTest" name="GetstorebyOrderId" time="1.334"/>
  <testcase classname="api.test.StoreTest" name="getOderIdbyInventory" time="1.380"/>
  <testcase classname="api.test.StoreTest" name="deleteStorebyOrderId" time="1.332"/>
</testsuite> <!-- api.test.StoreTest -->
