<?xml version="1.0" encoding="UTF-8"?>
<!-- Generated by org.testng.reporters.JUnitReportReporter -->
<testsuite hostname="LAPTOP-0VNVDE1H" failures="0" tests="7" name="api.test.UserTests" time="12.742" errors="0" timestamp="2024-02-04T21:19:36 IST" skipped="0">
  <testcase classname="api.test.UserTests" name="testPostUser" time="2.975"/>
  <testcase classname="api.test.UserTests" name="testGetUserByName" time="1.400"/>
  <testcase classname="api.test.UserTests" name="testUpdateUser" time="2.805"/>
  <testcase classname="api.test.UserTests" name="testDeleteUser" time="1.344"/>
  <testcase classname="api.test.UserTests" name="testLogin" time="1.417"/>
  <testcase classname="api.test.UserTests" name="testLogout" time="1.387"/>
  <testcase classname="api.test.UserTests" name="testCreateUserLIst" time="1.414"/>
</testsuite> <!-- api.test.UserTests -->
