<?xml version="1.0" encoding="UTF-8"?>
<!-- Generated by org.testng.reporters.JUnitReportReporter -->
<testsuite hostname="LAPTOP-0VNVDE1H" failures="0" tests="6" name="api.test.DDTests" time="8.851" errors="0" timestamp="2024-01-21T21:25:32 IST" skipped="0">
  <testcase classname="api.test.DDTests" name="testPostUser" time="3.072"/>
  <testcase classname="api.test.DDTests" name="testPostUser" time="1.156"/>
  <testcase classname="api.test.DDTests" name="testPostUser" time="1.151"/>
  <testcase classname="api.test.DDTests" name="testDeleteUserByName" time="1.140"/>
  <testcase classname="api.test.DDTests" name="testDeleteUserByName" time="1.156"/>
  <testcase classname="api.test.DDTests" name="testDeleteUserByName" time="1.176"/>
</testsuite> <!-- api.test.DDTests -->
