<?xml version="1.0" encoding="UTF-8"?>
<!-- Generated by org.testng.reporters.JUnitReportReporter -->
<testsuite hostname="LAPTOP-0VNVDE1H" failures="0" tests="4" name="api.test.UserTests" time="8.707" errors="0" timestamp="2024-01-25T21:58:32 IST" skipped="0">
  <testcase classname="api.test.UserTests" name="testPostUser" time="3.658"/>
  <system-out/>
  <testcase classname="api.test.UserTests" name="testGetUserByName" time="1.228"/>
  <system-out/>
  <testcase classname="api.test.UserTests" name="testUpdateUser" time="2.619"/>
  <system-out/>
  <testcase classname="api.test.UserTests" name="testDeleteUser" time="1.202"/>
  <system-out/>
</testsuite> <!-- api.test.UserTests -->
