<?xml version="1.0" encoding="UTF-8"?>
<!-- Generated by org.testng.reporters.JUnitReportReporter -->
<testsuite hostname="LAPTOP-0VNVDE1H" failures="0" tests="4" name="api.test.StoreTest" time="5.533" errors="0" timestamp="2024-02-05T00:15:35 IST" skipped="0">
  <testcase classname="api.test.StoreTest" name="createstore" time="1.335"/>
  <system-out/>
  <testcase classname="api.test.StoreTest" name="GetstorebyOrderId" time="1.405"/>
  <system-out/>
  <testcase classname="api.test.StoreTest" name="getOderIdbyInventory" time="1.378"/>
  <system-out/>
  <testcase classname="api.test.StoreTest" name="deleteStorebyOrderId" time="1.415"/>
  <system-out/>
</testsuite> <!-- api.test.StoreTest -->
