<?xml version="1.0" encoding="UTF-8"?>
<!-- Generated by org.testng.reporters.JUnitReportReporter -->
<testsuite hostname="LAPTOP-0VNVDE1H" failures="0" tests="7" name="api.test.UserTests" time="14.441" errors="0" timestamp="2024-02-05T00:15:35 IST" skipped="0">
  <testcase classname="api.test.UserTests" name="testPostUser" time="3.835"/>
  <system-out/>
  <testcase classname="api.test.UserTests" name="testGetUserByName" time="1.387"/>
  <system-out/>
  <testcase classname="api.test.UserTests" name="testUpdateUser" time="3.152"/>
  <system-out/>
  <testcase classname="api.test.UserTests" name="testDeleteUser" time="1.510"/>
  <system-out/>
  <testcase classname="api.test.UserTests" name="testLogin" time="1.500"/>
  <system-out/>
  <testcase classname="api.test.UserTests" name="testLogout" time="1.534"/>
  <system-out/>
  <testcase classname="api.test.UserTests" name="testCreateUserLIst" time="1.523"/>
  <system-out/>
</testsuite> <!-- api.test.UserTests -->
