<?xml version="1.0" encoding="UTF-8"?>
<!-- Generated by org.testng.reporters.JUnitReportReporter -->
<testsuite hostname="LAPTOP-0VNVDE1H" failures="0" tests="5" name="api.test.PetTests" time="9.342" errors="0" timestamp="2024-02-05T00:15:35 IST" skipped="0">
  <testcase classname="api.test.PetTests" name="testCreatePet" time="1.356"/>
  <system-out/>
  <testcase classname="api.test.PetTests" name="testReadUser" time="1.459"/>
  <system-out/>
  <testcase classname="api.test.PetTests" name="testupdateUser" time="1.416"/>
  <system-out/>
  <testcase classname="api.test.PetTests" name="testdeleteUser" time="1.546"/>
  <system-out/>
  <testcase classname="api.test.PetTests" name="testUploadImageForPet" time="3.565"/>
  <system-out/>
</testsuite> <!-- api.test.PetTests -->
